app/build/outputs/logs/manifest-merger-debug-report.txt
-- Merging decision tree log ---
manifest
ADDED from src\main\AndroidManifest.xml:2:1-47:12
INJECTED from src\main\AndroidManifest.xml:2:1-47:12
INJECTED from src\main\AndroidManifest.xml:2:1-47:12
MERGED from [com.android.support:design:26.0.0] AndroidManifest.xml:17:1-31:12
MERGED from [com.android.support:appcompat-v7:26.0.0] AndroidManifest.xml:17:1-31:12
MERGED from [com.android.support:transition:26.0.0] AndroidManifest.xml:17:1-28:12
MERGED from [com.android.support:support-v4:26.0.0] AndroidManifest.xml:17:1-31:12
MERGED from [org.osmdroid:osmdroid-android:5.4.1] AndroidManifest.xml:2:1-37:12
MERGED from [com.android.support:animated-vector-drawable:26.0.0] AndroidManifest.xml:17:1-28:12
MERGED from [com.android.support:support-vector-drawable:26.0.0] AndroidManifest.xml:17:1-28:12
MERGED from [com.android.support:support-media-compat:26.0.0] AndroidManifest.xml:17:1-31:12
MERGED from [com.android.support:support-fragment:26.0.0] AndroidManifest.xml:17:1-31:12
MERGED from [com.android.support:support-core-utils:26.0.0] AndroidManifest.xml:17:1-31:12
MERGED from [com.android.support:recyclerview-v7:26.0.0] AndroidManifest.xml:17:1-28:12
MERGED from [com.android.support:support-core-ui:26.0.0] AndroidManifest.xml:17:1-31:12
MERGED from [com.android.support:support-compat:26.0.0] AndroidManifest.xml:17:1-31:12
MERGED from [com.android.support:multidex:1.0.1] AndroidManifest.xml:16:1-19:12
INJECTED from src\main\AndroidManifest.xml:2:1-47:12
INJECTED from src\main\AndroidManifest.xml:2:1-47:12
	package
		ADDED from src\main\AndroidManifest.xml:4:2-32
	android:versionName
		ADDED from src\main\AndroidManifest.xml:6:2-27
		INJECTED from src\main\AndroidManifest.xml
		INJECTED from src\main\AndroidManifest.xml
	xmlns:tools
		ADDED from src\main\AndroidManifest.xml:3:2-48
	xmlns:android
		ADDED from src\main\AndroidManifest.xml:2:11-69
	android:versionCode
		ADDED from src\main\AndroidManifest.xml:5:2-25
		INJECTED from src\main\AndroidManifest.xml
		INJECTED from src\main\AndroidManifest.xml
uses-permission#android.permission.ACCESS_FINE_LOCATION
ADDED from src\main\AndroidManifest.xml:8:5-95
MERGED from [org.osmdroid:osmdroid-android:5.4.1] AndroidManifest.xml:16:5-79
MERGED from [org.osmdroid:osmdroid-android:5.4.1] AndroidManifest.xml:16:5-79
	android:name
		ADDED from src\main\AndroidManifest.xml:8:22-76
uses-permission#android.permission.CAMERA
ADDED from src\main\AndroidManifest.xml:9:2-62
	android:name
		ADDED from src\main\AndroidManifest.xml:9:19-59
uses-permission#android.permission.WRITE_EXTERNAL_STORAGE
ADDED from src\main\AndroidManifest.xml:10:2-78
MERGED from [org.osmdroid:osmdroid-android:5.4.1] AndroidManifest.xml:21:5-81
MERGED from [org.osmdroid:osmdroid-android:5.4.1] AndroidManifest.xml:21:5-81
	android:name
		ADDED from src\main\AndroidManifest.xml:10:19-75
uses-permission#android.permission.READ_EXTERNAL_STORAGE
ADDED from src\main\AndroidManifest.xml:11:2-77
MERGED from [org.osmdroid:osmdroid-android:5.4.1] AndroidManifest.xml:22:5-80
MERGED from [org.osmdroid:osmdroid-android:5.4.1] AndroidManifest.xml:22:5-80
	android:name
		ADDED from src\main\AndroidManifest.xml:11:19-74
uses-permission#android.permission.INTERNET
ADDED from src\main\AndroidManifest.xml:12:2-64
MERGED from [org.osmdroid:osmdroid-android:5.4.1] AndroidManifest.xml:20:5-67
MERGED from [org.osmdroid:osmdroid-android:5.4.1] AndroidManifest.xml:20:5-67
	android:name
		ADDED from src\main\AndroidManifest.xml:12:19-61
uses-permission#android.permission.ACCESS_NETWORK_STATE
ADDED from src\main\AndroidManifest.xml:13:2-77
MERGED from [org.osmdroid:osmdroid-android:5.4.1] AndroidManifest.xml:19:5-79
MERGED from [org.osmdroid:osmdroid-android:5.4.1] AndroidManifest.xml:19:5-79
	android:name
		ADDED from src\main\AndroidManifest.xml:13:19-73
uses-feature#android.hardware.camera
ADDED from src\main\AndroidManifest.xml:14:2-57
	android:name
		ADDED from src\main\AndroidManifest.xml:14:16-54
uses-feature#android.hardware.camera.autofocus
ADDED from src\main\AndroidManifest.xml:15:2-67
	android:name
		ADDED from src\main\AndroidManifest.xml:15:16-64
application
ADDED from src\main\AndroidManifest.xml:18:2-46:16
MERGED from [com.android.support:design:26.0.0] AndroidManifest.xml:25:5-29:19
MERGED from [com.android.support:design:26.0.0] AndroidManifest.xml:25:5-29:19
MERGED from [com.android.support:appcompat-v7:26.0.0] AndroidManifest.xml:25:5-29:19
MERGED from [com.android.support:appcompat-v7:26.0.0] AndroidManifest.xml:25:5-29:19
MERGED from [com.android.support:transition:26.0.0] AndroidManifest.xml:22:5-26:19
MERGED from [com.android.support:transition:26.0.0] AndroidManifest.xml:22:5-26:19
MERGED from [com.android.support:support-v4:26.0.0] AndroidManifest.xml:25:5-29:19
MERGED from [com.android.support:support-v4:26.0.0] AndroidManifest.xml:25:5-29:19
MERGED from [com.android.support:animated-vector-drawable:26.0.0] AndroidManifest.xml:22:5-26:19
MERGED from [com.android.support:animated-vector-drawable:26.0.0] AndroidManifest.xml:22:5-26:19
MERGED from [com.android.support:support-vector-drawable:26.0.0] AndroidManifest.xml:22:5-26:19
MERGED from [com.android.support:support-vector-drawable:26.0.0] AndroidManifest.xml:22:5-26:19
MERGED from [com.android.support:support-media-compat:26.0.0] AndroidManifest.xml:25:5-29:19
MERGED from [com.android.support:support-media-compat:26.0.0] AndroidManifest.xml:25:5-29:19
MERGED from [com.android.support:support-fragment:26.0.0] AndroidManifest.xml:25:5-29:19
MERGED from [com.android.support:support-fragment:26.0.0] AndroidManifest.xml:25:5-29:19
MERGED from [com.android.support:support-core-utils:26.0.0] AndroidManifest.xml:25:5-29:19
MERGED from [com.android.support:support-core-utils:26.0.0] AndroidManifest.xml:25:5-29:19
MERGED from [com.android.support:recyclerview-v7:26.0.0] AndroidManifest.xml:22:5-26:19
MERGED from [com.android.support:recyclerview-v7:26.0.0] AndroidManifest.xml:22:5-26:19
MERGED from [com.android.support:support-core-ui:26.0.0] AndroidManifest.xml:25:5-29:19
MERGED from [com.android.support:support-core-ui:26.0.0] AndroidManifest.xml:25:5-29:19
MERGED from [com.android.support:support-compat:26.0.0] AndroidManifest.xml:25:5-29:19
MERGED from [com.android.support:support-compat:26.0.0] AndroidManifest.xml:25:5-29:19
	android:label
		ADDED from src\main\AndroidManifest.xml:18:45-77
	android:icon
		ADDED from src\main\AndroidManifest.xml:18:15-44
activity#fr.ecn.ombre.android.OmbreActivity
ADDED from src\main\AndroidManifest.xml:19:3-24:14
	android:label
		ADDED from src\main\AndroidManifest.xml:19:42-74
	android:name
		ADDED from src\main\AndroidManifest.xml:19:13-41
intent-filter#action:name:android.intent.action.MAIN+category:name:android.intent.category.LAUNCHER
ADDED from src\main\AndroidManifest.xml:20:4-23:20
action#android.intent.action.MAIN
ADDED from src\main\AndroidManifest.xml:21:5-57
	android:name
		ADDED from src\main\AndroidManifest.xml:21:13-54
category#android.intent.category.LAUNCHER
ADDED from src\main\AndroidManifest.xml:22:5-65
	android:name
		ADDED from src\main\AndroidManifest.xml:22:15-62
activity#fr.ecn.ombre.android.ImageInfosActivity
ADDED from src\main\AndroidManifest.xml:25:3-49
	android:name
		ADDED from src\main\AndroidManifest.xml:25:13-46
activity#fr.ecn.ombre.android.FacesActivity
ADDED from src\main\AndroidManifest.xml:26:3-44
	android:name
		ADDED from src\main\AndroidManifest.xml:26:13-41
activity#fr.ecn.ombre.android.VanishingPointsActivity
ADDED from src\main\AndroidManifest.xml:27:3-54
	android:name
		ADDED from src\main\AndroidManifest.xml:27:13-51
activity#fr.ecn.ombre.android.OptionsActivity
ADDED from src\main\AndroidManifest.xml:28:3-55
	android:name
		ADDED from src\main\AndroidManifest.xml:28:13-43
activity#fr.ecn.ombre.android.FacesSimpleActivity
ADDED from src\main\AndroidManifest.xml:29:3-50
	android:name
		ADDED from src\main\AndroidManifest.xml:29:13-47
activity#fr.ecn.ombre.android.ResultActivity
ADDED from src\main\AndroidManifest.xml:30:3-46
	android:name
		ADDED from src\main\AndroidManifest.xml:30:13-43
activity#fr.ecn.ombre.android.HorizonActivity
ADDED from src\main\AndroidManifest.xml:31:3-55
	android:name
		ADDED from src\main\AndroidManifest.xml:31:13-43
activity#fr.ecn.ombre.android.SensorActivity
ADDED from src\main\AndroidManifest.xml:32:3-45
	android:name
		ADDED from src\main\AndroidManifest.xml:32:13-42
activity#fr.ecn.ombre.android.HorizonChoiceActivity
ADDED from src\main\AndroidManifest.xml:33:3-52
	android:name
		ADDED from src\main\AndroidManifest.xml:33:13-49
activity#fr.ecn.ombre.android.FacesChoiceActivity
ADDED from src\main\AndroidManifest.xml:34:3-50
	android:name
		ADDED from src\main\AndroidManifest.xml:34:13-47
provider#android.support.v4.content.FileProvider
ADDED from src\main\AndroidManifest.xml:36:3-45:14
	android:grantUriPermissions
		ADDED from src\main\AndroidManifest.xml:40:4-38
	android:authorities
		ADDED from src\main\AndroidManifest.xml:38:4-52
	android:exported
		ADDED from src\main\AndroidManifest.xml:39:4-28
	android:name
		ADDED from src\main\AndroidManifest.xml:37:4-58
meta-data#android.support.FILE_PROVIDER_PATHS
ADDED from src\main\AndroidManifest.xml:42:4-44:45
	android:resource
		ADDED from src\main\AndroidManifest.xml:44:5-43
	android:name
		ADDED from src\main\AndroidManifest.xml:43:5-55
uses-sdk
INJECTED from src\main\AndroidManifest.xml reason: use-sdk injection requested
INJECTED from src\main\AndroidManifest.xml
INJECTED from src\main\AndroidManifest.xml
MERGED from [com.android.support:design:26.0.0] AndroidManifest.xml:21:5-23:62
MERGED from [com.android.support:design:26.0.0] AndroidManifest.xml:21:5-23:62
MERGED from [com.android.support:appcompat-v7:26.0.0] AndroidManifest.xml:21:5-23:78
MERGED from [com.android.support:appcompat-v7:26.0.0] AndroidManifest.xml:21:5-23:78
MERGED from [com.android.support:transition:26.0.0] AndroidManifest.xml:20:5-44
MERGED from [com.android.support:transition:26.0.0] AndroidManifest.xml:20:5-44
MERGED from [com.android.support:support-v4:26.0.0] AndroidManifest.xml:21:5-23:54
MERGED from [com.android.support:support-v4:26.0.0] AndroidManifest.xml:21:5-23:54
MERGED from [org.osmdroid:osmdroid-android:5.4.1] AndroidManifest.xml:7:5-9:41
MERGED from [org.osmdroid:osmdroid-android:5.4.1] AndroidManifest.xml:7:5-9:41
MERGED from [com.android.support:animated-vector-drawable:26.0.0] AndroidManifest.xml:20:5-44
MERGED from [com.android.support:animated-vector-drawable:26.0.0] AndroidManifest.xml:20:5-44
MERGED from [com.android.support:support-vector-drawable:26.0.0] AndroidManifest.xml:20:5-44
MERGED from [com.android.support:support-vector-drawable:26.0.0] AndroidManifest.xml:20:5-44
MERGED from [com.android.support:support-media-compat:26.0.0] AndroidManifest.xml:21:5-23:63
MERGED from [com.android.support:support-media-compat:26.0.0] AndroidManifest.xml:21:5-23:63
MERGED from [com.android.support:support-fragment:26.0.0] AndroidManifest.xml:21:5-23:60
MERGED from [com.android.support:support-fragment:26.0.0] AndroidManifest.xml:21:5-23:60
MERGED from [com.android.support:support-core-utils:26.0.0] AndroidManifest.xml:21:5-23:61
MERGED from [com.android.support:support-core-utils:26.0.0] AndroidManifest.xml:21:5-23:61
MERGED from [com.android.support:recyclerview-v7:26.0.0] AndroidManifest.xml:20:5-44
MERGED from [com.android.support:recyclerview-v7:26.0.0] AndroidManifest.xml:20:5-44
MERGED from [com.android.support:support-core-ui:26.0.0] AndroidManifest.xml:21:5-23:58
MERGED from [com.android.support:support-core-ui:26.0.0] AndroidManifest.xml:21:5-23:58
MERGED from [com.android.support:support-compat:26.0.0] AndroidManifest.xml:21:5-23:58
MERGED from [com.android.support:support-compat:26.0.0] AndroidManifest.xml:21:5-23:58
MERGED from [com.android.support:multidex:1.0.1] AndroidManifest.xml:18:5-42
MERGED from [com.android.support:multidex:1.0.1] AndroidManifest.xml:18:5-42
INJECTED from src\main\AndroidManifest.xml
INJECTED from src\main\AndroidManifest.xml
	tools:overrideLibrary
		ADDED from [com.android.support:design:26.0.0] AndroidManifest.xml:23:9-59
	android:targetSdkVersion
		INJECTED from src\main\AndroidManifest.xml
		ADDED from src\main\AndroidManifest.xml
		INJECTED from src\main\AndroidManifest.xml
	android:minSdkVersion
		INJECTED from src\main\AndroidManifest.xml
		ADDED from src\main\AndroidManifest.xml
		INJECTED from src\main\AndroidManifest.xml
meta-data#android.support.VERSION
ADDED from [com.android.support:design:26.0.0] AndroidManifest.xml:26:9-28:38
MERGED from [com.android.support:appcompat-v7:26.0.0] AndroidManifest.xml:26:9-28:38
MERGED from [com.android.support:appcompat-v7:26.0.0] AndroidManifest.xml:26:9-28:38
MERGED from [com.android.support:transition:26.0.0] AndroidManifest.xml:23:9-25:38
MERGED from [com.android.support:transition:26.0.0] AndroidManifest.xml:23:9-25:38
MERGED from [com.android.support:support-v4:26.0.0] AndroidManifest.xml:26:9-28:38
MERGED from [com.android.support:support-v4:26.0.0] AndroidManifest.xml:26:9-28:38
MERGED from [com.android.support:animated-vector-drawable:26.0.0] AndroidManifest.xml:23:9-25:38
MERGED from [com.android.support:animated-vector-drawable:26.0.0] AndroidManifest.xml:23:9-25:38
MERGED from [com.android.support:support-vector-drawable:26.0.0] AndroidManifest.xml:23:9-25:38
MERGED from [com.android.support:support-vector-drawable:26.0.0] AndroidManifest.xml:23:9-25:38
MERGED from [com.android.support:support-media-compat:26.0.0] AndroidManifest.xml:26:9-28:38
MERGED from [com.android.support:support-media-compat:26.0.0] AndroidManifest.xml:26:9-28:38
MERGED from [com.android.support:support-fragment:26.0.0] AndroidManifest.xml:26:9-28:38
MERGED from [com.android.support:support-fragment:26.0.0] AndroidManifest.xml:26:9-28:38
MERGED from [com.android.support:support-core-utils:26.0.0] AndroidManifest.xml:26:9-28:38
MERGED from [com.android.support:support-core-utils:26.0.0] AndroidManifest.xml:26:9-28:38
MERGED from [com.android.support:recyclerview-v7:26.0.0] AndroidManifest.xml:23:9-25:38
MERGED from [com.android.support:recyclerview-v7:26.0.0] AndroidManifest.xml:23:9-25:38
MERGED from [com.android.support:support-core-ui:26.0.0] AndroidManifest.xml:26:9-28:38
MERGED from [com.android.support:support-core-ui:26.0.0] AndroidManifest.xml:26:9-28:38
MERGED from [com.android.support:support-compat:26.0.0] AndroidManifest.xml:26:9-28:38
MERGED from [com.android.support:support-compat:26.0.0] AndroidManifest.xml:26:9-28:38
	android:value
		ADDED from [com.android.support:design:26.0.0] AndroidManifest.xml:28:13-35
	android:name
		ADDED from [com.android.support:design:26.0.0] AndroidManifest.xml:27:13-51
supports-screens
ADDED from [org.osmdroid:osmdroid-android:5.4.1] AndroidManifest.xml:11:5-14:40
	android:largeScreens
		ADDED from [org.osmdroid:osmdroid-android:5.4.1] AndroidManifest.xml:13:9-36
	android:normalScreens
		ADDED from [org.osmdroid:osmdroid-android:5.4.1] AndroidManifest.xml:14:9-37
	android:anyDensity
		ADDED from [org.osmdroid:osmdroid-android:5.4.1] AndroidManifest.xml:12:9-34
uses-permission#android.permission.ACCESS_COARSE_LOCATION
ADDED from [org.osmdroid:osmdroid-android:5.4.1] AndroidManifest.xml:17:5-81
	android:name
		ADDED from [org.osmdroid:osmdroid-android:5.4.1] AndroidManifest.xml:17:22-78
uses-permission#android.permission.ACCESS_WIFI_STATE
ADDED from [org.osmdroid:osmdroid-android:5.4.1] AndroidManifest.xml:18:5-76
	android:name
		ADDED from [org.osmdroid:osmdroid-android:5.4.1] AndroidManifest.xml:18:22-73
uses-feature#android.hardware.location.network
ADDED from [org.osmdroid:osmdroid-android:5.4.1] AndroidManifest.xml:24:5-26:36
	android:required
		ADDED from [org.osmdroid:osmdroid-android:5.4.1] AndroidManifest.xml:26:9-33
	android:name
		ADDED from [org.osmdroid:osmdroid-android:5.4.1] AndroidManifest.xml:25:9-57
uses-feature#android.hardware.location.gps
ADDED from [org.osmdroid:osmdroid-android:5.4.1] AndroidManifest.xml:27:5-29:36
	android:required
		ADDED from [org.osmdroid:osmdroid-android:5.4.1] AndroidManifest.xml:29:9-33
	android:name
		ADDED from [org.osmdroid:osmdroid-android:5.4.1] AndroidManifest.xml:28:9-53
uses-feature#android.hardware.telephony
ADDED from [org.osmdroid:osmdroid-android:5.4.1] AndroidManifest.xml:30:5-32:36
	android:required
		ADDED from [org.osmdroid:osmdroid-android:5.4.1] AndroidManifest.xml:32:9-33
	android:name
		ADDED from [org.osmdroid:osmdroid-android:5.4.1] AndroidManifest.xml:31:9-50
uses-feature#android.hardware.wifi
ADDED from [org.osmdroid:osmdroid-android:5.4.1] AndroidManifest.xml:33:5-35:36
	android:required
		ADDED from [org.osmdroid:osmdroid-android:5.4.1] AndroidManifest.xml:35:9-33
	android:name
		ADDED from [org.osmdroid:osmdroid-android:5.4.1] AndroidManifest.xml:34:9-45